Determining if the pthread_create exist failed with the following output:
Change Dir: /home/becks/mediator-bot/build/build/CMakeFiles/CMakeTmp

Run Build Command:/usr/bin/make "cmTryCompileExec2185407887/fast"
make[1]: Entering directory `/home/becks/mediator-bot/build/build/CMakeFiles/CMakeTmp'
/usr/bin/make -f CMakeFiles/cmTryCompileExec2185407887.dir/build.make CMakeFiles/cmTryCompileExec2185407887.dir/build
make[2]: Entering directory `/home/becks/mediator-bot/build/build/CMakeFiles/CMakeTmp'
/usr/bin/cmake -E cmake_progress_report /home/becks/mediator-bot/build/build/CMakeFiles/CMakeTmp/CMakeFiles 1
Building C object CMakeFiles/cmTryCompileExec2185407887.dir/CheckSymbolExists.c.o
/usr/bin/cc    -o CMakeFiles/cmTryCompileExec2185407887.dir/CheckSymbolExists.c.o   -c /home/becks/mediator-bot/build/build/CMakeFiles/CMakeTmp/CheckSymbolExists.c
Linking C executable cmTryCompileExec2185407887
/usr/bin/cmake -E cmake_link_script CMakeFiles/cmTryCompileExec2185407887.dir/link.txt --verbose=1
/usr/bin/cc       CMakeFiles/cmTryCompileExec2185407887.dir/CheckSymbolExists.c.o  -o cmTryCompileExec2185407887 -rdynamic 
CMakeFiles/cmTryCompileExec2185407887.dir/CheckSymbolExists.c.o: In function `main':
CheckSymbolExists.c:(.text+0xa): undefined reference to `pthread_create'
collect2: error: ld returned 1 exit status
make[2]: *** [cmTryCompileExec2185407887] Error 1
make[2]: Leaving directory `/home/becks/mediator-bot/build/build/CMakeFiles/CMakeTmp'
make[1]: *** [cmTryCompileExec2185407887/fast] Error 2
make[1]: Leaving directory `/home/becks/mediator-bot/build/build/CMakeFiles/CMakeTmp'

File /home/becks/mediator-bot/build/build/CMakeFiles/CMakeTmp/CheckSymbolExists.c:
/* */
#include <pthread.h>

int main(int argc, char** argv)
{
  (void)argv;
#ifndef pthread_create
  return ((int*)(&pthread_create))[argc];
#else
  (void)argc;
  return 0;
#endif
}

Determining if the function pthread_create exists in the pthreads failed with the following output:
Change Dir: /home/becks/mediator-bot/build/build/CMakeFiles/CMakeTmp

Run Build Command:/usr/bin/make "cmTryCompileExec270857886/fast"
make[1]: Entering directory `/home/becks/mediator-bot/build/build/CMakeFiles/CMakeTmp'
/usr/bin/make -f CMakeFiles/cmTryCompileExec270857886.dir/build.make CMakeFiles/cmTryCompileExec270857886.dir/build
make[2]: Entering directory `/home/becks/mediator-bot/build/build/CMakeFiles/CMakeTmp'
/usr/bin/cmake -E cmake_progress_report /home/becks/mediator-bot/build/build/CMakeFiles/CMakeTmp/CMakeFiles 1
Building C object CMakeFiles/cmTryCompileExec270857886.dir/CheckFunctionExists.c.o
/usr/bin/cc   -DCHECK_FUNCTION_EXISTS=pthread_create   -o CMakeFiles/cmTryCompileExec270857886.dir/CheckFunctionExists.c.o   -c /usr/share/cmake-2.8/Modules/CheckFunctionExists.c
Linking C executable cmTryCompileExec270857886
/usr/bin/cmake -E cmake_link_script CMakeFiles/cmTryCompileExec270857886.dir/link.txt --verbose=1
/usr/bin/cc   -DCHECK_FUNCTION_EXISTS=pthread_create    CMakeFiles/cmTryCompileExec270857886.dir/CheckFunctionExists.c.o  -o cmTryCompileExec270857886 -rdynamic -lpthreads 
/usr/bin/ld: cannot find -lpthreads
collect2: error: ld returned 1 exit status
make[2]: Leaving directory `/home/becks/mediator-bot/build/build/CMakeFiles/CMakeTmp'
make[2]: *** [cmTryCompileExec270857886] Error 1
make[1]: Leaving directory `/home/becks/mediator-bot/build/build/CMakeFiles/CMakeTmp'
make[1]: *** [cmTryCompileExec270857886/fast] Error 2


